<?xml version="1.0" encoding="UTF-8"?>
<testsuite xmlns:xsi="http://www.w3.org/2001/XMLSchema-instance" xsi:noNamespaceSchemaLocation="https://maven.apache.org/surefire/maven-surefire-plugin/xsd/surefire-test-report.xsd" name="com.example.demo.model.TransacaoTest" time="0.03" tests="18" errors="0" skipped="0" failures="0">
  <properties>
[...]
</properties>
  <testcase name="getStatusCompra" classname="com.example.demo.model.TransacaoTest" time="0"/>
  <testcase name="cancelarTransacao" classname="com.example.demo.model.TransacaoTest" time="0"/>
  <testcase name="setTransacaoId" classname="com.example.demo.model.TransacaoTest" time="0"/>
  <testcase name="setStatusCompra" classname="com.example.demo.model.TransacaoTest" time="0"/>
  <testcase name="getId" classname="com.example.demo.model.TransacaoTest" time="0"/>
  <testcase name="getPrecoTotal" classname="com.example.demo.model.TransacaoTest" time="0"/>
  <testcase name="setPessoa" classname="com.example.demo.model.TransacaoTest" time="0"/>
  <testcase name="setStatus" classname="com.example.demo.model.TransacaoTest" time="0"/>
  <testcase name="getPessoa" classname="com.example.demo.model.TransacaoTest" time="0"/>
  <testcase name="getStatus" classname="com.example.demo.model.TransacaoTest" time="0"/>
  <testcase name="setPrecoTotal" classname="com.example.demo.model.TransacaoTest" time="0"/>
  <testcase name="setLivro" classname="com.example.demo.model.TransacaoTest" time="0"/>
  <testcase name="setPreco" classname="com.example.demo.model.TransacaoTest" time="0"/>
  <testcase name="setSaldo" classname="com.example.demo.model.TransacaoTest" time="0"/>
  <testcase name="getTransacaoId" classname="com.example.demo.model.TransacaoTest" time="0"/>
  <testcase name="getLivro" classname="com.example.demo.model.TransacaoTest" time="0"/>
  <testcase name="getPreco" classname="com.example.demo.model.TransacaoTest" time="0"/>
  <testcase name="getSaldo" classname="com.example.demo.model.TransacaoTest" time="0"/>
</testsuite>