GROUP,PACKAGE,CLASS,INSTRUCTION_MISSED,INSTRUCTION_COVERED,BRANCH_MISSED,BRANCH_COVERED,LINE_MISSED,LINE_COVERED,COMPLEXITY_MISSED,COMPLEXITY_COVERED,METHOD_MISSED,METHOD_COVERED
demo,com.example.demo.service,TransacaoService,79,12,2,0,16,1,2,1,1,1
demo,com.example.demo.controller,LivroController,10,9,0,0,2,1,2,1,2,1
demo,com.example.demo.controller,PessoaController,22,6,0,0,4,1,4,1,4,1
demo,com.example.demo.controller,TransacaoController,13,3,0,0,3,1,2,1,2,1
demo,com.example.demo.model,Transacao,57,3,0,0,21,1,13,1,13,1
demo,com.example.demo.model,Livro,60,3,0,0,22,2,13,1,13,1
demo,com.example.demo.model,Pessoa,70,3,2,0,18,2,14,1,13,1
demo,com.example.demo,DemoApplication,5,3,0,0,2,1,1,1,1,1
